C:\Program Files (x86)\Microsoft Visual Studio\2017\Community\Common7\IDE\VC\VCTargets\Microsoft.CppBuild.targets(391,5): warning MSB8028: The intermediate directory (Debug\) contains files shared from another project (Chap1.vcxproj).  This can lead to incorrect clean and rebuild behavior.
  main.cpp
c:\program files (x86)\microsoft directx sdk (june 2010)\include\xnamath.h(2662): warning C4838: conversion from 'unsigned int' to 'INT' requires a narrowing conversion
c:\program files (x86)\microsoft directx sdk (june 2010)\include\xnamath.h(2663): warning C4838: conversion from 'unsigned int' to 'INT' requires a narrowing conversion
c:\program files (x86)\microsoft directx sdk (june 2010)\include\xnamath.h(2664): warning C4838: conversion from 'unsigned int' to 'INT' requires a narrowing conversion
c:\program files (x86)\microsoft directx sdk (june 2010)\include\xnamath.h(2665): warning C4838: conversion from 'unsigned int' to 'INT' requires a narrowing conversion
c:\program files (x86)\microsoft directx sdk (june 2010)\include\xnamath.h(2666): warning C4838: conversion from 'unsigned int' to 'INT' requires a narrowing conversion
c:\program files (x86)\microsoft directx sdk (june 2010)\include\xnamath.h(2667): warning C4838: conversion from 'unsigned int' to 'INT' requires a narrowing conversion
c:\program files (x86)\microsoft directx sdk (june 2010)\include\xnamath.h(2668): warning C4838: conversion from 'unsigned int' to 'INT' requires a narrowing conversion
c:\program files (x86)\microsoft directx sdk (june 2010)\include\xnamath.h(2689): warning C4838: conversion from 'unsigned int' to 'INT' requires a narrowing conversion
c:\program files (x86)\microsoft directx sdk (june 2010)\include\xnamath.h(2690): warning C4838: conversion from 'unsigned int' to 'INT' requires a narrowing conversion
c:\program files (x86)\microsoft directx sdk (june 2010)\include\xnamath.h(2691): warning C4838: conversion from 'unsigned int' to 'INT' requires a narrowing conversion
c:\program files (x86)\microsoft directx sdk (june 2010)\include\xnamath.h(2694): warning C4838: conversion from 'unsigned int' to 'INT' requires a narrowing conversion
c:\program files (x86)\microsoft directx sdk (june 2010)\include\xnamath.h(2695): warning C4838: conversion from 'unsigned int' to 'INT' requires a narrowing conversion
c:\program files (x86)\microsoft directx sdk (june 2010)\include\xnamath.h(2698): warning C4838: conversion from 'unsigned int' to 'INT' requires a narrowing conversion
c:\program files (x86)\microsoft directx sdk (june 2010)\include\xnamath.h(2702): warning C4838: conversion from 'unsigned int' to 'INT' requires a narrowing conversion
c:\program files (x86)\microsoft directx sdk (june 2010)\include\xnamath.h(2712): warning C4838: conversion from 'unsigned int' to 'INT' requires a narrowing conversion
c:\program files (x86)\microsoft directx sdk (june 2010)\include\xnamath.h(2713): warning C4838: conversion from 'unsigned int' to 'INT' requires a narrowing conversion
c:\program files (x86)\microsoft directx sdk (june 2010)\include\xnamath.h(2715): warning C4838: conversion from 'unsigned int' to 'INT' requires a narrowing conversion
c:\program files (x86)\microsoft directx sdk (june 2010)\include\xnamath.h(2716): warning C4838: conversion from 'unsigned int' to 'INT' requires a narrowing conversion
c:\program files (x86)\microsoft directx sdk (june 2010)\include\xnamath.h(2717): warning C4838: conversion from 'unsigned int' to 'INT' requires a narrowing conversion
c:\program files (x86)\microsoft directx sdk (june 2010)\include\xnamath.h(2727): warning C4838: conversion from 'unsigned int' to 'INT' requires a narrowing conversion
c:\program files (x86)\microsoft directx sdk (june 2010)\include\xnamath.h(2728): warning C4838: conversion from 'unsigned int' to 'INT' requires a narrowing conversion
c:\program files (x86)\microsoft directx sdk (june 2010)\include\xnamath.h(2729): warning C4838: conversion from 'unsigned int' to 'INT' requires a narrowing conversion
c:\program files (x86)\microsoft directx sdk (june 2010)\include\xnamath.h(2730): warning C4838: conversion from 'unsigned int' to 'INT' requires a narrowing conversion
c:\program files (x86)\microsoft directx sdk (june 2010)\include\xnamath.h(2731): warning C4838: conversion from 'unsigned int' to 'INT' requires a narrowing conversion
c:\program files (x86)\microsoft directx sdk (june 2010)\include\xnamath.h(2732): warning C4838: conversion from 'unsigned int' to 'INT' requires a narrowing conversion
c:\program files (x86)\microsoft directx sdk (june 2010)\include\xnamath.h(2742): warning C4838: conversion from 'unsigned int' to 'INT' requires a narrowing conversion
c:\program files (x86)\microsoft directx sdk (june 2010)\include\xnamath.h(2743): warning C4838: conversion from 'unsigned int' to 'INT' requires a narrowing conversion
c:\program files (x86)\microsoft directx sdk (june 2010)\include\xnamath.h(2754): warning C4838: conversion from 'unsigned int' to 'INT' requires a narrowing conversion
c:\program files (x86)\microsoft directx sdk (june 2010)\include\xnamathconvert.inl(2254): warning C4838: conversion from 'unsigned int' to 'INT' requires a narrowing conversion
c:\program files (x86)\microsoft directx sdk (june 2010)\include\xnamathconvert.inl(4523): warning C4838: conversion from 'unsigned int' to 'INT' requires a narrowing conversion
c:\program files (x86)\microsoft directx sdk (june 2010)\include\xnamathconvert.inl(4577): warning C4838: conversion from 'unsigned int' to 'INT' requires a narrowing conversion
c:\program files (x86)\microsoft directx sdk (june 2010)\include\xnamathconvert.inl(4639): warning C4838: conversion from 'unsigned int' to 'INT' requires a narrowing conversion
c:\program files (x86)\microsoft directx sdk (june 2010)\include\xnamathconvert.inl(4707): warning C4838: conversion from 'unsigned int' to 'INT' requires a narrowing conversion
c:\program files (x86)\microsoft directx sdk (june 2010)\include\xnamathconvert.inl(4770): warning C4838: conversion from 'unsigned int' to 'INT' requires a narrowing conversion
c:\program files (x86)\microsoft directx sdk (june 2010)\include\xnamathconvert.inl(4832): warning C4838: conversion from 'unsigned int' to 'INT' requires a narrowing conversion
c:\program files (x86)\microsoft directx sdk (june 2010)\include\xnamathvector.inl(1269): warning C4838: conversion from 'unsigned int' to 'INT' requires a narrowing conversion
c:\program files (x86)\microsoft directx sdk (june 2010)\include\xnamathmisc.inl(518): warning C4838: conversion from 'unsigned int' to 'INT' requires a narrowing conversion
c:\program files (x86)\microsoft directx sdk (june 2010)\include\xnamathmisc.inl(519): warning C4838: conversion from 'unsigned int' to 'INT' requires a narrowing conversion
  Chap1.vcxproj -> F:\DirectX11\Chapter 2\Debug\Chapter_2.exe
